<?xml version="1.0" encoding="UTF-8"?>
<!-- Generated by org.testng.reporters.JUnitXMLReporter -->
<testsuite ignored="0" hostname="LAPTOP-N1ASVGNK" failures="0" tests="5" name="Default test" time="0.089" errors="0" timestamp="2024-08-09T16:39:43 IST">
  <testcase classname="com.tutorialsninja.tests.PriorityHandles" name="sampleTwo" time="0.016"/>
  <testcase classname="com.tutorialsninja.tests.PriorityHandles" name="sampleThree" time="0.001"/>
  <testcase classname="com.tutorialsninja.tests.PriorityHandles" name="sampleFive" time="0.001"/>
  <testcase classname="com.tutorialsninja.tests.PriorityHandles" name="sampleOne" time="0.001"/>
  <testcase classname="com.tutorialsninja.tests.PriorityHandles" name="sampleFour" time="0.002"/>
</testsuite> <!-- Default test -->
