<?xml version="1.0" encoding="UTF-8"?>
<!-- Generated by org.testng.reporters.JUnitXMLReporter -->
<testsuite ignored="5" hostname="LAPTOP-N1ASVGNK" failures="0" tests="0" time="0.001" errors="0" timestamp="2024-08-27T11:05:45 IST">
  <testcase classname="groupannotation.Login" name="userLoginWithInvalidEmailValidPassword" time="0.0">
    <ignored/>
  </testcase> <!-- userLoginWithInvalidEmailValidPassword -->
  <testcase classname="groupannotation.Login" name="userLoginWithEmptyCreds" time="0.0">
    <ignored/>
  </testcase> <!-- userLoginWithEmptyCreds -->
  <testcase classname="groupannotation.Login" name="userLoginWithValidEmailInvalidPassword" time="0.0">
    <ignored/>
  </testcase> <!-- userLoginWithValidEmailInvalidPassword -->
  <testcase classname="groupannotation.Login" name="userLoginWithInvalidCreds" time="0.0">
    <ignored/>
  </testcase> <!-- userLoginWithInvalidCreds -->
  <testcase classname="groupannotation.Login" name="userLoginWithValidCreds" time="0.0">
    <ignored/>
  </testcase> <!-- userLoginWithValidCreds -->
</testsuite>
