<?xml version="1.0" encoding="UTF-8"?>
<!-- Generated by org.testng.reporters.JUnitXMLReporter -->
<testsuite ignored="0" hostname="LAPTOP-N1ASVGNK" failures="0" tests="5" name="LoginTest" time="0.015" errors="0" timestamp="2024-08-27T12:31:37 IST">
  <testcase classname="groupannotation.Login" name="userLoginWithValidCreds" time="0.001"/>
  <testcase classname="groupannotation.Login" name="userLoginWithValidEmailInvalidPassword" time="0.001"/>
  <testcase classname="groupannotation.Login" name="userLoginWithInvalidEmailValidPassword" time="0.001"/>
  <testcase classname="groupannotation.Login" name="userLoginWithInvalidCreds" time="0.001"/>
  <testcase classname="groupannotation.Login" name="userLoginWithEmptyCreds" time="0.001"/>
</testsuite> <!-- LoginTest -->
