<?xml version="1.0" encoding="UTF-8"?>
<!-- Generated by org.testng.reporters.JUnitXMLReporter -->
<testsuite ignored="1" hostname="LAPTOP-N1ASVGNK" failures="0" tests="3" name="RegisterTest" time="0.051" errors="0" timestamp="2024-08-27T12:31:37 IST">
  <testcase classname="groupannotation.Register" name="resisterByProvidingMandatoryFields" time="0.011"/>
  <testcase classname="groupannotation.Register" name="resisterByProvidingAllFields" time="0.001"/>
  <testcase classname="groupannotation.Register" name="resisterByProvidingDuplicateEmail" time="0.001"/>
  <testcase classname="groupannotation.Register" name="resisterByNotProvidingAnyFields" time="0.0">
    <ignored/>
  </testcase> <!-- resisterByNotProvidingAnyFields -->
</testsuite> <!-- RegisterTest -->
