<?xml version="1.0" encoding="UTF-8"?>
<!-- Generated by org.testng.reporters.JUnitXMLReporter -->
<testsuite ignored="4" hostname="LAPTOP-N1ASVGNK" failures="0" tests="0" time="0.008" errors="0" timestamp="2024-08-27T11:05:45 IST">
  <testcase classname="groupannotation.Register" name="resisterByProvidingDuplicateEmail" time="0.0">
    <ignored/>
  </testcase> <!-- resisterByProvidingDuplicateEmail -->
  <testcase classname="groupannotation.Register" name="resisterByNotProvidingAnyFields" time="0.0">
    <ignored/>
  </testcase> <!-- resisterByNotProvidingAnyFields -->
  <testcase classname="groupannotation.Register" name="resisterByProvidingMandatoryFields" time="0.0">
    <ignored/>
  </testcase> <!-- resisterByProvidingMandatoryFields -->
  <testcase classname="groupannotation.Register" name="resisterByProvidingAllFields" time="0.0">
    <ignored/>
  </testcase> <!-- resisterByProvidingAllFields -->
</testsuite>
