<?xml version="1.0" encoding="UTF-8"?>
<!-- Generated by org.testng.reporters.JUnitXMLReporter -->
<testsuite ignored="0" hostname="LAPTOP-N1ASVGNK" failures="0" tests="3" name="SearchTest" time="0.041" errors="0" timestamp="2024-08-27T11:05:45 IST">
  <testcase classname="groupannotation.Search" name="searchForValidProduct" time="0.008"/>
  <testcase classname="groupannotation.Search" name="searchForInalidProduct" time="0.002"/>
  <testcase classname="groupannotation.Search" name="searchWithoutSearchItem" time="0.002"/>
</testsuite> <!-- SearchTest -->
