<?xml version="1.0" encoding="UTF-8"?>
<!-- Generated by org.testng.reporters.JUnitXMLReporter -->
<testsuite ignored="0" hostname="LAPTOP-N1ASVGNK" failures="0" tests="12" name="Test" time="0.08" errors="0" timestamp="2024-08-26T16:49:55 IST">
  <testcase classname="grouping.Register" name="resisterByProvidingMandatoryFields" time="0.009"/>
  <testcase classname="grouping.Register" name="resisterByProvidingAllFields" time="0.001"/>
  <testcase classname="grouping.Register" name="resisterByNotProvidingAnyFields" time="0.001"/>
  <testcase classname="grouping.Register" name="resisterByProvidingDuplicateEmail" time="0.001"/>
  <testcase classname="grouping.Login" name="userLoginWithValidCreds" time="0.001"/>
  <testcase classname="grouping.Login" name="userLoginWithValidEmailInvalidPassword" time="0.002"/>
  <testcase classname="grouping.Login" name="userLoginWithInvalidEmailValidPassword" time="0.001"/>
  <testcase classname="grouping.Login" name="userLoginWithInvalidCreds" time="0.002"/>
  <testcase classname="grouping.Login" name="userLoginWithEmptyCreds" time="0.001"/>
  <testcase classname="grouping.Search" name="searchForValidProduct" time="0.001"/>
  <testcase classname="grouping.Search" name="searchForInalidProduct" time="0.001"/>
  <testcase classname="grouping.Search" name="searchWithoutSearchItem" time="0.001"/>
</testsuite> <!-- Test -->
