<?xml version="1.0" encoding="UTF-8"?>
<!-- Generated by org.testng.reporters.JUnitXMLReporter -->
<testsuite ignored="2" hostname="LAPTOP-N1ASVGNK" failures="0" tests="3" name="Test1" time="24.988" errors="0" timestamp="2024-08-21T18:26:57 IST">
  <testcase classname="annotationstests.Login" name="userLoginWithValidCredentials" time="1.994"/>
  <testcase classname="annotationstests.Login" name="userLoginWithValidEmailInvalidPassword" time="1.637"/>
  <testcase classname="annotationstests.Login" name="userLoginWithInvalidEmailValidPassword" time="1.593"/>
  <testcase classname="annotationstests.Login" name="userLoginWithInvalidCreds" time="0.0">
    <ignored/>
  </testcase> <!-- userLoginWithInvalidCreds -->
  <testcase classname="annotationstests.Login" name="userLoginWithEmptyCreds" time="0.0">
    <ignored/>
  </testcase> <!-- userLoginWithEmptyCreds -->
</testsuite> <!-- Test1 -->
