<?xml version="1.0" encoding="UTF-8"?>
<!-- Generated by org.testng.reporters.JUnitXMLReporter -->
<testsuite ignored="4" hostname="LAPTOP-N1ASVGNK" failures="0" tests="4" name="Test" time="0.056" errors="0" timestamp="2024-08-09T17:52:50 IST">
  <testcase classname="demoxml.ClassA" name="methodAThree" time="0.008"/>
  <testcase classname="demoxml.ClassB" name="methodBThree" time="0.001"/>
  <testcase classname="demoxml.ClassB" name="methodBTwo" time="0.001"/>
  <testcase classname="demoxml.ClassC" name="methodCOne" time="0.001"/>
  <testcase classname="demoxml.ClassA" name="methodATwo" time="0.0">
    <ignored/>
  </testcase> <!-- methodATwo -->
  <testcase classname="demoxml.ClassA" name="methodAOne" time="0.0">
    <ignored/>
  </testcase> <!-- methodAOne -->
  <testcase classname="demoxml.ClassB" name="methodBOne" time="0.0">
    <ignored/>
  </testcase> <!-- methodBOne -->
  <testcase classname="demoxml.ClassC" name="methodCTwo" time="0.0">
    <ignored/>
  </testcase> <!-- methodCTwo -->
</testsuite> <!-- Test -->
