<?xml version="1.0" encoding="UTF-8"?>
<!-- Generated by org.testng.reporters.JUnitXMLReporter -->
<testsuite ignored="3" hostname="LAPTOP-N1ASVGNK" failures="0" tests="2" name="Test2" time="16.289" errors="0" timestamp="2024-08-22T19:22:15 IST">
  <testcase classname="annotationstests.EnabledParameter" name="userLoginWithInvalidCreds" time="1.626"/>
  <testcase classname="annotationstests.EnabledParameter" name="userLoginWithEmptyCreds" time="1.408"/>
  <testcase classname="annotationstests.EnabledParameter" name="userLoginWithInvalidEmailValidPassword" time="0.0">
    <ignored/>
  </testcase> <!-- userLoginWithInvalidEmailValidPassword -->
  <testcase classname="annotationstests.EnabledParameter" name="userLoginWithValidCredentials" time="0.0">
    <ignored/>
  </testcase> <!-- userLoginWithValidCredentials -->
  <testcase classname="annotationstests.EnabledParameter" name="userLoginWithValidEmailInvalidPassword" time="0.0">
    <ignored/>
  </testcase> <!-- userLoginWithValidEmailInvalidPassword -->
</testsuite> <!-- Test2 -->
