<?xml version="1.0" encoding="UTF-8"?>
<!-- Generated by org.testng.reporters.JUnitXMLReporter -->
<testsuite ignored="3" hostname="LAPTOP-N1ASVGNK" failures="0" tests="2" name="Test2" time="15.287" errors="0" timestamp="2024-08-21T18:27:12 IST">
  <testcase classname="annotationstests.Login" name="userLoginWithInvalidCreds" time="1.421"/>
  <testcase classname="annotationstests.Login" name="userLoginWithEmptyCreds" time="1.988"/>
  <testcase classname="annotationstests.Login" name="userLoginWithValidCredentials" time="0.0">
    <ignored/>
  </testcase> <!-- userLoginWithValidCredentials -->
  <testcase classname="annotationstests.Login" name="userLoginWithValidEmailInvalidPassword" time="0.0">
    <ignored/>
  </testcase> <!-- userLoginWithValidEmailInvalidPassword -->
  <testcase classname="annotationstests.Login" name="userLoginWithInvalidEmailValidPassword" time="0.0">
    <ignored/>
  </testcase> <!-- userLoginWithInvalidEmailValidPassword -->
</testsuite> <!-- Test2 -->
