<?xml version="1.0" encoding="UTF-8"?>
<!-- Generated by org.testng.reporters.JUnitXMLReporter -->
<testsuite ignored="5" hostname="LAPTOP-N1ASVGNK" failures="0" tests="3" name="sanity" time="0.07" errors="0" timestamp="2024-08-09T17:58:26 IST">
  <testcase classname="demoxml.ClassA" name="methodAOne" time="0.011"/>
  <testcase classname="demoxml.ClassB" name="methodBOne" time="0.001"/>
  <testcase classname="demoxml.ClassC" name="methodCOne" time="0.001"/>
  <testcase classname="demoxml.ClassA" name="methodAThree" time="0.0">
    <ignored/>
  </testcase> <!-- methodAThree -->
  <testcase classname="demoxml.ClassA" name="methodATwo" time="0.0">
    <ignored/>
  </testcase> <!-- methodATwo -->
  <testcase classname="demoxml.ClassB" name="methodBTwo" time="0.0">
    <ignored/>
  </testcase> <!-- methodBTwo -->
  <testcase classname="demoxml.ClassC" name="methodCTwo" time="0.0">
    <ignored/>
  </testcase> <!-- methodCTwo -->
  <testcase classname="demoxml.ClassB" name="methodBThree" time="0.0">
    <ignored/>
  </testcase> <!-- methodBThree -->
</testsuite> <!-- sanity -->
