<?xml version="1.0" encoding="UTF-8"?>
<testng-results ignored="5" total="10" passed="5" failed="0" skipped="0">
  <reporter-output>
  </reporter-output>
  <suite started-at="2024-08-21T18:26:32 IST" name="Suite" finished-at="2024-08-21T18:27:12 IST" duration-ms="40460">
    <groups>
    </groups>
    <test started-at="2024-08-21T18:26:32 IST" name="Test1" finished-at="2024-08-21T18:26:57 IST" duration-ms="24988">
      <class name="annotationstests.Login">
        <test-method is-config="true" signature="beforeT()[pri:0, instance:annotationstests.Login@74751b3]" started-at="2024-08-21T18:26:32 IST" name="beforeT" finished-at="2024-08-21T18:26:32 IST" duration-ms="1" status="PASS">
          <reporter-output>
          </reporter-output>
        </test-method> <!-- beforeT -->
        <test-method is-config="true" signature="beforeC()[pri:0, instance:annotationstests.Login@74751b3]" started-at="2024-08-21T18:26:32 IST" name="beforeC" finished-at="2024-08-21T18:26:32 IST" duration-ms="0" status="PASS">
          <reporter-output>
          </reporter-output>
        </test-method> <!-- beforeC -->
        <test-method is-config="true" signature="setUp()[pri:0, instance:annotationstests.Login@74751b3]" started-at="2024-08-21T18:26:32 IST" name="setUp" finished-at="2024-08-21T18:26:40 IST" duration-ms="8028" status="PASS">
          <reporter-output>
          </reporter-output>
        </test-method> <!-- setUp -->
        <test-method signature="userLoginWithValidCredentials()[pri:1, instance:annotationstests.Login@74751b3]" started-at="2024-08-21T18:26:40 IST" name="userLoginWithValidCredentials" finished-at="2024-08-21T18:26:42 IST" duration-ms="1994" status="PASS">
          <reporter-output>
          </reporter-output>
        </test-method> <!-- userLoginWithValidCredentials -->
        <test-method is-config="true" signature="tearDown()[pri:0, instance:annotationstests.Login@74751b3]" started-at="2024-08-21T18:26:42 IST" name="tearDown" finished-at="2024-08-21T18:26:43 IST" duration-ms="789" status="PASS">
          <reporter-output>
          </reporter-output>
        </test-method> <!-- tearDown -->
        <test-method is-config="true" signature="setUp()[pri:0, instance:annotationstests.Login@74751b3]" started-at="2024-08-21T18:26:43 IST" name="setUp" finished-at="2024-08-21T18:26:47 IST" duration-ms="4645" status="PASS">
          <reporter-output>
          </reporter-output>
        </test-method> <!-- setUp -->
        <test-method signature="userLoginWithValidEmailInvalidPassword()[pri:2, instance:annotationstests.Login@74751b3]" started-at="2024-08-21T18:26:47 IST" name="userLoginWithValidEmailInvalidPassword" finished-at="2024-08-21T18:26:49 IST" duration-ms="1637" status="PASS">
          <reporter-output>
          </reporter-output>
        </test-method> <!-- userLoginWithValidEmailInvalidPassword -->
        <test-method is-config="true" signature="tearDown()[pri:0, instance:annotationstests.Login@74751b3]" started-at="2024-08-21T18:26:49 IST" name="tearDown" finished-at="2024-08-21T18:26:50 IST" duration-ms="814" status="PASS">
          <reporter-output>
          </reporter-output>
        </test-method> <!-- tearDown -->
        <test-method is-config="true" signature="setUp()[pri:0, instance:annotationstests.Login@74751b3]" started-at="2024-08-21T18:26:50 IST" name="setUp" finished-at="2024-08-21T18:26:54 IST" duration-ms="4461" status="PASS">
          <reporter-output>
          </reporter-output>
        </test-method> <!-- setUp -->
        <test-method signature="userLoginWithInvalidEmailValidPassword()[pri:3, instance:annotationstests.Login@74751b3]" started-at="2024-08-21T18:26:54 IST" name="userLoginWithInvalidEmailValidPassword" finished-at="2024-08-21T18:26:56 IST" duration-ms="1593" status="PASS">
          <reporter-output>
          </reporter-output>
        </test-method> <!-- userLoginWithInvalidEmailValidPassword -->
        <test-method is-config="true" signature="tearDown()[pri:0, instance:annotationstests.Login@74751b3]" started-at="2024-08-21T18:26:56 IST" name="tearDown" finished-at="2024-08-21T18:26:57 IST" duration-ms="906" status="PASS">
          <reporter-output>
          </reporter-output>
        </test-method> <!-- tearDown -->
        <test-method is-config="true" signature="afterC()[pri:0, instance:annotationstests.Login@74751b3]" started-at="2024-08-21T18:26:57 IST" name="afterC" finished-at="2024-08-21T18:26:57 IST" duration-ms="1" status="PASS">
          <reporter-output>
          </reporter-output>
        </test-method> <!-- afterC -->
        <test-method is-config="true" signature="afterT()[pri:0, instance:annotationstests.Login@74751b3]" started-at="2024-08-21T18:26:57 IST" name="afterT" finished-at="2024-08-21T18:26:57 IST" duration-ms="0" status="PASS">
          <reporter-output>
          </reporter-output>
        </test-method> <!-- afterT -->
      </class> <!-- annotationstests.Login -->
    </test> <!-- Test1 -->
    <test started-at="2024-08-21T18:26:57 IST" name="Test2" finished-at="2024-08-21T18:27:12 IST" duration-ms="15287">
      <class name="annotationstests.Login">
        <test-method is-config="true" signature="beforeS()[pri:0, instance:annotationstests.Login@4b0d79fc]" started-at="2024-08-21T18:26:32 IST" name="beforeS" finished-at="2024-08-21T18:26:32 IST" duration-ms="31" status="PASS">
          <reporter-output>
          </reporter-output>
        </test-method> <!-- beforeS -->
        <test-method is-config="true" signature="beforeT()[pri:0, instance:annotationstests.Login@4b0d79fc]" started-at="2024-08-21T18:26:57 IST" name="beforeT" finished-at="2024-08-21T18:26:57 IST" duration-ms="1" status="PASS">
          <reporter-output>
          </reporter-output>
        </test-method> <!-- beforeT -->
        <test-method is-config="true" signature="beforeC()[pri:0, instance:annotationstests.Login@4b0d79fc]" started-at="2024-08-21T18:26:57 IST" name="beforeC" finished-at="2024-08-21T18:26:57 IST" duration-ms="1" status="PASS">
          <reporter-output>
          </reporter-output>
        </test-method> <!-- beforeC -->
        <test-method is-config="true" signature="setUp()[pri:0, instance:annotationstests.Login@4b0d79fc]" started-at="2024-08-21T18:26:57 IST" name="setUp" finished-at="2024-08-21T18:27:02 IST" duration-ms="5025" status="PASS">
          <reporter-output>
          </reporter-output>
        </test-method> <!-- setUp -->
        <test-method signature="userLoginWithInvalidCreds()[pri:4, instance:annotationstests.Login@4b0d79fc]" started-at="2024-08-21T18:27:02 IST" name="userLoginWithInvalidCreds" finished-at="2024-08-21T18:27:03 IST" duration-ms="1421" status="PASS">
          <reporter-output>
          </reporter-output>
        </test-method> <!-- userLoginWithInvalidCreds -->
        <test-method is-config="true" signature="tearDown()[pri:0, instance:annotationstests.Login@4b0d79fc]" started-at="2024-08-21T18:27:03 IST" name="tearDown" finished-at="2024-08-21T18:27:04 IST" duration-ms="819" status="PASS">
          <reporter-output>
          </reporter-output>
        </test-method> <!-- tearDown -->
        <test-method is-config="true" signature="setUp()[pri:0, instance:annotationstests.Login@4b0d79fc]" started-at="2024-08-21T18:27:04 IST" name="setUp" finished-at="2024-08-21T18:27:09 IST" duration-ms="4697" status="PASS">
          <reporter-output>
          </reporter-output>
        </test-method> <!-- setUp -->
        <test-method signature="userLoginWithEmptyCreds()[pri:5, instance:annotationstests.Login@4b0d79fc]" started-at="2024-08-21T18:27:09 IST" name="userLoginWithEmptyCreds" finished-at="2024-08-21T18:27:11 IST" duration-ms="1988" status="PASS">
          <reporter-output>
          </reporter-output>
        </test-method> <!-- userLoginWithEmptyCreds -->
        <test-method is-config="true" signature="tearDown()[pri:0, instance:annotationstests.Login@4b0d79fc]" started-at="2024-08-21T18:27:11 IST" name="tearDown" finished-at="2024-08-21T18:27:12 IST" duration-ms="1327" status="PASS">
          <reporter-output>
          </reporter-output>
        </test-method> <!-- tearDown -->
        <test-method is-config="true" signature="afterC()[pri:0, instance:annotationstests.Login@4b0d79fc]" started-at="2024-08-21T18:27:12 IST" name="afterC" finished-at="2024-08-21T18:27:12 IST" duration-ms="0" status="PASS">
          <reporter-output>
          </reporter-output>
        </test-method> <!-- afterC -->
        <test-method is-config="true" signature="afterT()[pri:0, instance:annotationstests.Login@4b0d79fc]" started-at="2024-08-21T18:27:12 IST" name="afterT" finished-at="2024-08-21T18:27:12 IST" duration-ms="0" status="PASS">
          <reporter-output>
          </reporter-output>
        </test-method> <!-- afterT -->
        <test-method is-config="true" signature="afterS()[pri:0, instance:annotationstests.Login@4b0d79fc]" started-at="2024-08-21T18:27:12 IST" name="afterS" finished-at="2024-08-21T18:27:12 IST" duration-ms="0" status="PASS">
          <reporter-output>
          </reporter-output>
        </test-method> <!-- afterS -->
      </class> <!-- annotationstests.Login -->
    </test> <!-- Test2 -->
  </suite> <!-- Suite -->
</testng-results>
