<?xml version="1.0" encoding="UTF-8"?>
<testng-results ignored="0" total="5" passed="5" failed="0" skipped="0">
  <reporter-output>
  </reporter-output>
  <suite started-at="2024-08-09T16:39:43 IST" name="Default suite" finished-at="2024-08-09T16:39:43 IST" duration-ms="89">
    <groups>
    </groups>
    <test started-at="2024-08-09T16:39:43 IST" name="Default test" finished-at="2024-08-09T16:39:43 IST" duration-ms="89">
      <class name="com.tutorialsninja.tests.PriorityHandles">
        <test-method signature="sampleTwo()[pri:-4, instance:com.tutorialsninja.tests.PriorityHandles@d29f28]" started-at="2024-08-09T16:39:43 IST" name="sampleTwo" finished-at="2024-08-09T16:39:43 IST" duration-ms="16" status="PASS">
          <reporter-output>
          </reporter-output>
        </test-method> <!-- sampleTwo -->
        <test-method signature="sampleThree()[pri:-1, instance:com.tutorialsninja.tests.PriorityHandles@d29f28]" started-at="2024-08-09T16:39:43 IST" name="sampleThree" finished-at="2024-08-09T16:39:43 IST" duration-ms="1" status="PASS">
          <reporter-output>
          </reporter-output>
        </test-method> <!-- sampleThree -->
        <test-method signature="sampleFive()[pri:0, instance:com.tutorialsninja.tests.PriorityHandles@d29f28]" started-at="2024-08-09T16:39:43 IST" name="sampleFive" finished-at="2024-08-09T16:39:43 IST" duration-ms="1" status="PASS">
          <reporter-output>
          </reporter-output>
        </test-method> <!-- sampleFive -->
        <test-method signature="sampleOne()[pri:1, instance:com.tutorialsninja.tests.PriorityHandles@d29f28]" started-at="2024-08-09T16:39:43 IST" name="sampleOne" finished-at="2024-08-09T16:39:43 IST" duration-ms="1" status="PASS">
          <reporter-output>
          </reporter-output>
        </test-method> <!-- sampleOne -->
        <test-method signature="sampleFour()[pri:2, instance:com.tutorialsninja.tests.PriorityHandles@d29f28]" started-at="2024-08-09T16:39:43 IST" name="sampleFour" finished-at="2024-08-09T16:39:43 IST" duration-ms="2" status="PASS">
          <reporter-output>
          </reporter-output>
        </test-method> <!-- sampleFour -->
      </class> <!-- com.tutorialsninja.tests.PriorityHandles -->
    </test> <!-- Default test -->
  </suite> <!-- Default suite -->
</testng-results>
